WebSocket open @ 5/31/2023, 10:59:31 AM | Name = abc | Creator = GVkb5GuwGKydA4xXLT9PNpx63h7bhFNrDLQSxi6j5NuF
WebSocket closed
WebSocket open @ 5/31/2023, 11:00:33 AM | Name = undefined | Creator = undefined
WebSocket closed
WebSocket open @ 5/31/2023, 11:01:35 AM | Name = undefined | Creator = undefined
WebSocket closed
WebSocket open @ 5/31/2023, 11:02:36 AM | Name = undefined | Creator = undefined
WebSocket closed
WebSocket open @ 5/31/2023, 11:03:37 AM | Name = undefined | Creator = undefined
WebSocket closed
WebSocket open @ 5/31/2023, 11:04:41 AM | Name = undefined | Creator = undefined
WebSocket closed
WebSocket open @ 5/31/2023, 11:05:42 AM | Name = undefined | Creator = undefined
WebSocket closed
WebSocket open @ 5/31/2023, 11:06:43 AM | Name = undefined | Creator = undefined
WebSocket closed
WebSocket open @ 5/31/2023, 11:07:46 AM | Name = undefined | Creator = undefined
WebSocket closed
WebSocket open @ 5/31/2023, 11:08:48 AM | Name = undefined | Creator = undefined
WebSocket closed
WebSocket open @ 5/31/2023, 11:09:51 AM | Name = undefined | Creator = undefined
WebSocket closed
WebSocket open @ 5/31/2023, 11:10:53 AM | Name = undefined | Creator = undefined
WebSocket closed
WebSocket open @ 5/31/2023, 11:11:55 AM | Name = undefined | Creator = undefined
WebSocket closed
WebSocket open @ 5/31/2023, 11:12:56 AM | Name = undefined | Creator = undefined
WebSocket closed
WebSocket open @ 5/31/2023, 11:13:57 AM | Name = undefined | Creator = undefined
WebSocket closed
WebSocket open @ 5/31/2023, 11:14:59 AM | Name = undefined | Creator = undefined
WebSocket closed
WebSocket open @ 5/31/2023, 11:16:01 AM | Name = undefined | Creator = undefined
WebSocket closed
WebSocket open @ 5/31/2023, 11:17:03 AM | Name = undefined | Creator = undefined
WebSocket closed
WebSocket open @ 5/31/2023, 11:18:04 AM | Name = undefined | Creator = undefined
WebSocket closed
WebSocket open @ 5/31/2023, 11:19:06 AM | Name = undefined | Creator = undefined
WebSocket closed
WebSocket open @ 5/31/2023, 11:20:08 AM | Name = undefined | Creator = undefined
WebSocket closed
WebSocket open @ 5/31/2023, 11:21:10 AM | Name = undefined | Creator = undefined
WebSocket closed
WebSocket open @ 5/31/2023, 11:22:11 AM | Name = undefined | Creator = undefined
WebSocket closed
WebSocket open @ 5/31/2023, 11:23:15 AM | Name = undefined | Creator = undefined
WebSocket open @ 5/31/2023, 11:23:31 AM | Name = madlads | Creator = 5XvhfmRjwXkGp3jHGmaKpqeerNYjkuZZBYLVQYdeVcRv
WebSocket open @ 5/31/2023, 11:23:41 AM | Name = lily | Creator = B4x93Px5YYcQdpvEKmbPMWKGC5a8hytNqpitQFsEAjDx
WebSocket closed
WebSocket open @ 5/31/2023, 11:24:17 AM | Name = undefined | Creator = undefined
WebSocket closed
WebSocket open @ 5/31/2023, 11:24:33 AM | Name = undefined | Creator = undefined
WebSocket closed
WebSocket open @ 5/31/2023, 11:24:43 AM | Name = undefined | Creator = undefined
WebSocket closed
WebSocket open @ 5/31/2023, 11:25:19 AM | Name = undefined | Creator = undefined
WebSocket closed
WebSocket open @ 5/31/2023, 11:25:34 AM | Name = undefined | Creator = undefined
WebSocket closed
WebSocket open @ 5/31/2023, 11:25:44 AM | Name = undefined | Creator = undefined
WebSocket closed
WebSocket open @ 5/31/2023, 11:26:21 AM | Name = undefined | Creator = undefined
WebSocket closed
WebSocket open @ 5/31/2023, 11:26:35 AM | Name = undefined | Creator = undefined
WebSocket closed
WebSocket open @ 5/31/2023, 11:26:45 AM | Name = undefined | Creator = undefined
WebSocket closed
WebSocket open @ 5/31/2023, 11:27:22 AM | Name = undefined | Creator = undefined
WebSocket closed
WebSocket open @ 5/31/2023, 11:27:36 AM | Name = undefined | Creator = undefined
WebSocket closed
WebSocket open @ 5/31/2023, 11:27:47 AM | Name = undefined | Creator = undefined
WebSocket closed
WebSocket open @ 5/31/2023, 11:28:24 AM | Name = undefined | Creator = undefined
WebSocket closed
WebSocket open @ 5/31/2023, 11:28:38 AM | Name = undefined | Creator = undefined
WebSocket closed
WebSocket open @ 5/31/2023, 11:28:48 AM | Name = undefined | Creator = undefined
WebSocket closed
WebSocket open @ 5/31/2023, 11:29:27 AM | Name = undefined | Creator = undefined
WebSocket closed
WebSocket open @ 5/31/2023, 11:29:39 AM | Name = undefined | Creator = undefined
WebSocket closed
WebSocket open @ 5/31/2023, 11:29:49 AM | Name = undefined | Creator = undefined
WebSocket closed
WebSocket open @ 5/31/2023, 11:30:29 AM | Name = undefined | Creator = undefined
WebSocket closed
WebSocket open @ 5/31/2023, 11:30:40 AM | Name = undefined | Creator = undefined
WebSocket closed
WebSocket open @ 5/31/2023, 11:30:51 AM | Name = undefined | Creator = undefined
WebSocket closed
WebSocket open @ 5/31/2023, 11:31:31 AM | Name = undefined | Creator = undefined
WebSocket closed
WebSocket open @ 5/31/2023, 11:31:42 AM | Name = undefined | Creator = undefined
WebSocket closed
WebSocket open @ 5/31/2023, 11:31:52 AM | Name = undefined | Creator = undefined
WebSocket closed
WebSocket open @ 5/31/2023, 11:32:34 AM | Name = undefined | Creator = undefined
WebSocket closed
WebSocket open @ 5/31/2023, 11:32:43 AM | Name = undefined | Creator = undefined
WebSocket closed
WebSocket open @ 5/31/2023, 11:32:53 AM | Name = undefined | Creator = undefined
WebSocket closed
WebSocket open @ 5/31/2023, 11:33:35 AM | Name = undefined | Creator = undefined
WebSocket closed
WebSocket open @ 5/31/2023, 11:33:44 AM | Name = undefined | Creator = undefined
WebSocket closed
WebSocket open @ 5/31/2023, 11:33:55 AM | Name = undefined | Creator = undefined
WebSocket closed
WebSocket open @ 5/31/2023, 11:34:37 AM | Name = undefined | Creator = undefined
WebSocket closed
WebSocket open @ 5/31/2023, 11:34:46 AM | Name = undefined | Creator = undefined
WebSocket closed
WebSocket open @ 5/31/2023, 11:34:56 AM | Name = undefined | Creator = undefined
WebSocket closed
WebSocket open @ 5/31/2023, 11:35:40 AM | Name = undefined | Creator = undefined
WebSocket closed
WebSocket open @ 5/31/2023, 11:35:47 AM | Name = undefined | Creator = undefined
WebSocket closed
WebSocket open @ 5/31/2023, 11:35:58 AM | Name = undefined | Creator = undefined
WebSocket closed
WebSocket open @ 5/31/2023, 11:36:42 AM | Name = undefined | Creator = undefined
WebSocket closed
WebSocket open @ 5/31/2023, 11:36:48 AM | Name = undefined | Creator = undefined
WebSocket closed
WebSocket open @ 5/31/2023, 11:36:59 AM | Name = undefined | Creator = undefined
WebSocket closed
WebSocket open @ 5/31/2023, 11:37:44 AM | Name = undefined | Creator = undefined
WebSocket closed
WebSocket open @ 5/31/2023, 11:37:50 AM | Name = undefined | Creator = undefined
WebSocket closed
WebSocket open @ 5/31/2023, 11:38:00 AM | Name = undefined | Creator = undefined
WebSocket closed
WebSocket open @ 5/31/2023, 11:38:45 AM | Name = undefined | Creator = undefined
WebSocket closed
WebSocket open @ 5/31/2023, 11:38:51 AM | Name = undefined | Creator = undefined
WebSocket closed
WebSocket open @ 5/31/2023, 11:39:01 AM | Name = undefined | Creator = undefined
WebSocket closed
WebSocket open @ 5/31/2023, 11:39:46 AM | Name = undefined | Creator = undefined
WebSocket closed
WebSocket open @ 5/31/2023, 11:39:52 AM | Name = undefined | Creator = undefined
WebSocket closed
WebSocket open @ 5/31/2023, 11:40:03 AM | Name = undefined | Creator = undefined
WebSocket closed
WebSocket open @ 5/31/2023, 11:40:48 AM | Name = undefined | Creator = undefined
WebSocket closed
WebSocket open @ 5/31/2023, 11:40:54 AM | Name = undefined | Creator = undefined
WebSocket closed
WebSocket open @ 5/31/2023, 11:41:04 AM | Name = undefined | Creator = undefined
WebSocket closed
WebSocket open @ 5/31/2023, 11:41:51 AM | Name = undefined | Creator = undefined
WebSocket closed
WebSocket open @ 5/31/2023, 11:41:55 AM | Name = undefined | Creator = undefined
WebSocket closed
WebSocket open @ 5/31/2023, 11:42:05 AM | Name = undefined | Creator = undefined
WebSocket closed
WebSocket open @ 5/31/2023, 11:42:52 AM | Name = undefined | Creator = undefined
WebSocket closed
WebSocket open @ 5/31/2023, 11:42:56 AM | Name = undefined | Creator = undefined
WebSocket closed
WebSocket open @ 5/31/2023, 11:43:07 AM | Name = undefined | Creator = undefined
WebSocket closed
WebSocket open @ 5/31/2023, 11:43:54 AM | Name = undefined | Creator = undefined
WebSocket closed
WebSocket open @ 5/31/2023, 11:43:57 AM | Name = undefined | Creator = undefined
WebSocket closed
WebSocket open @ 5/31/2023, 11:44:08 AM | Name = undefined | Creator = undefined
WebSocket closed
WebSocket open @ 5/31/2023, 11:44:55 AM | Name = undefined | Creator = undefined
WebSocket closed
WebSocket open @ 5/31/2023, 11:44:58 AM | Name = undefined | Creator = undefined
WebSocket closed
WebSocket open @ 5/31/2023, 11:45:09 AM | Name = undefined | Creator = undefined
WebSocket closed
WebSocket open @ 5/31/2023, 11:45:58 AM | Name = undefined | Creator = undefined
WebSocket closed
WebSocket open @ 5/31/2023, 11:46:00 AM | Name = undefined | Creator = undefined
WebSocket closed
WebSocket open @ 5/31/2023, 11:46:10 AM | Name = undefined | Creator = undefined
WebSocket closed
WebSocket open @ 5/31/2023, 11:47:00 AM | Name = undefined | Creator = undefined
WebSocket closed
WebSocket open @ 5/31/2023, 11:47:01 AM | Name = undefined | Creator = undefined
WebSocket closed
WebSocket open @ 5/31/2023, 11:47:12 AM | Name = undefined | Creator = undefined
WebSocket closed
WebSocket open @ 5/31/2023, 11:48:01 AM | Name = undefined | Creator = undefined
WebSocket closed
WebSocket open @ 5/31/2023, 11:48:02 AM | Name = undefined | Creator = undefined
WebSocket closed
WebSocket open @ 5/31/2023, 11:48:13 AM | Name = undefined | Creator = undefined
WebSocket closed
WebSocket closed
WebSocket open @ 5/31/2023, 11:49:03 AM | Name = undefined | Creator = undefined
WebSocket open @ 5/31/2023, 11:49:04 AM | Name = undefined | Creator = undefined
WebSocket closed
WebSocket open @ 5/31/2023, 11:49:14 AM | Name = undefined | Creator = undefined
WebSocket closed
WebSocket closed
WebSocket open @ 5/31/2023, 11:50:05 AM | Name = undefined | Creator = undefined
WebSocket open @ 5/31/2023, 11:50:05 AM | Name = undefined | Creator = undefined
WebSocket closed
WebSocket open @ 5/31/2023, 11:50:16 AM | Name = undefined | Creator = undefined
WebSocket closed
WebSocket closed
WebSocket open @ 5/31/2023, 11:51:07 AM | Name = undefined | Creator = undefined
WebSocket open @ 5/31/2023, 11:51:07 AM | Name = undefined | Creator = undefined
WebSocket closed
WebSocket open @ 5/31/2023, 11:51:17 AM | Name = undefined | Creator = undefined
WebSocket closed
WebSocket closed
WebSocket open @ 5/31/2023, 11:52:08 AM | Name = undefined | Creator = undefined
WebSocket open @ 5/31/2023, 11:52:08 AM | Name = undefined | Creator = undefined
WebSocket closed
WebSocket open @ 5/31/2023, 11:52:18 AM | Name = undefined | Creator = undefined
WebSocket closed
WebSocket closed
WebSocket open @ 5/31/2023, 11:53:10 AM | Name = undefined | Creator = undefined
WebSocket open @ 5/31/2023, 11:53:10 AM | Name = undefined | Creator = undefined
WebSocket closed
WebSocket open @ 5/31/2023, 11:53:20 AM | Name = undefined | Creator = undefined
WebSocket closed
WebSocket closed
WebSocket open @ 5/31/2023, 11:54:13 AM | Name = undefined | Creator = undefined
WebSocket open @ 5/31/2023, 11:54:13 AM | Name = undefined | Creator = undefined
WebSocket closed
WebSocket open @ 5/31/2023, 11:54:21 AM | Name = undefined | Creator = undefined
WebSocket closed
WebSocket closed
WebSocket open @ 5/31/2023, 11:55:14 AM | Name = undefined | Creator = undefined
WebSocket open @ 5/31/2023, 11:55:14 AM | Name = undefined | Creator = undefined
WebSocket closed
WebSocket open @ 5/31/2023, 11:55:22 AM | Name = undefined | Creator = undefined
WebSocket closed
WebSocket closed
WebSocket open @ 5/31/2023, 11:56:18 AM | Name = undefined | Creator = undefined
WebSocket open @ 5/31/2023, 11:56:18 AM | Name = undefined | Creator = undefined
WebSocket closed
WebSocket open @ 5/31/2023, 11:56:24 AM | Name = undefined | Creator = undefined
WebSocket closed
WebSocket closed
WebSocket open @ 5/31/2023, 11:57:19 AM | Name = undefined | Creator = undefined
WebSocket open @ 5/31/2023, 11:57:19 AM | Name = undefined | Creator = undefined
WebSocket closed
WebSocket open @ 5/31/2023, 11:57:25 AM | Name = undefined | Creator = undefined
WebSocket closed
WebSocket closed
WebSocket open @ 5/31/2023, 11:58:20 AM | Name = undefined | Creator = undefined
WebSocket open @ 5/31/2023, 11:58:20 AM | Name = undefined | Creator = undefined
WebSocket closed
WebSocket open @ 5/31/2023, 11:58:26 AM | Name = undefined | Creator = undefined
WebSocket closed
WebSocket closed
WebSocket open @ 5/31/2023, 11:59:23 AM | Name = undefined | Creator = undefined
WebSocket open @ 5/31/2023, 11:59:23 AM | Name = undefined | Creator = undefined
WebSocket closed
WebSocket open @ 5/31/2023, 11:59:28 AM | Name = undefined | Creator = undefined
5/31/2023, 12:00:00 PM
5/31/2023, 12:00:00 PM
new ObjectId("64769c100000000000000000")
new ObjectId("64769c100000000000000000")
There are currently 14 documents in the Lily collection
There are currently 0 documents in the Mad Lads collection
{
  embeds: [
    {
      title: 'Mad Lads | Sales in the last hour',
      color: 16711680,
      fields: [Array],
      footer: [Object]
    }
  ]
}
{
  embeds: [
    {
      title: 'Lily | Sales in the last hour',
      color: 16711680,
      fields: [Array],
      footer: [Object]
    }
  ]
}
Posted to Discord successfully: 
Posted to Discord successfully: 
WebSocket closed
WebSocket closed
WebSocket open @ 5/31/2023, 12:00:27 PM | Name = undefined | Creator = undefined
WebSocket open @ 5/31/2023, 12:00:27 PM | Name = undefined | Creator = undefined
WebSocket closed
WebSocket open @ 5/31/2023, 12:00:29 PM | Name = undefined | Creator = undefined
WebSocket closed
WebSocket closed
WebSocket open @ 5/31/2023, 12:01:28 PM | Name = undefined | Creator = undefined
WebSocket open @ 5/31/2023, 12:01:28 PM | Name = undefined | Creator = undefined
WebSocket closed
WebSocket open @ 5/31/2023, 12:01:30 PM | Name = undefined | Creator = undefined
WebSocket closed
WebSocket closed
WebSocket open @ 5/31/2023, 12:02:29 PM | Name = undefined | Creator = undefined
WebSocket open @ 5/31/2023, 12:02:29 PM | Name = undefined | Creator = undefined
WebSocket closed
WebSocket open @ 5/31/2023, 12:02:31 PM | Name = undefined | Creator = undefined
WebSocket closed
WebSocket closed
WebSocket open @ 5/31/2023, 12:03:31 PM | Name = undefined | Creator = undefined
WebSocket open @ 5/31/2023, 12:03:31 PM | Name = undefined | Creator = undefined
WebSocket closed
WebSocket open @ 5/31/2023, 12:03:32 PM | Name = undefined | Creator = undefined
WebSocket closed
WebSocket closed
WebSocket closed
WebSocket open @ 5/31/2023, 12:04:33 PM | Name = undefined | Creator = undefined
WebSocket open @ 5/31/2023, 12:04:33 PM | Name = undefined | Creator = undefined
WebSocket open @ 5/31/2023, 12:04:34 PM | Name = undefined | Creator = undefined
WebSocket closed
WebSocket closed
WebSocket closed
WebSocket open @ 5/31/2023, 12:05:34 PM | Name = undefined | Creator = undefined
WebSocket open @ 5/31/2023, 12:05:34 PM | Name = undefined | Creator = undefined
WebSocket open @ 5/31/2023, 12:05:35 PM | Name = undefined | Creator = undefined
WebSocket closed
WebSocket closed
WebSocket closed
WebSocket open @ 5/31/2023, 12:06:39 PM | Name = undefined | Creator = undefined
WebSocket open @ 5/31/2023, 12:06:39 PM | Name = undefined | Creator = undefined
WebSocket open @ 5/31/2023, 12:06:39 PM | Name = undefined | Creator = undefined
WebSocket closed
WebSocket closed
WebSocket closed
WebSocket open @ 5/31/2023, 12:07:41 PM | Name = undefined | Creator = undefined
WebSocket open @ 5/31/2023, 12:07:41 PM | Name = undefined | Creator = undefined
WebSocket open @ 5/31/2023, 12:07:41 PM | Name = undefined | Creator = undefined
WebSocket closed
WebSocket closed
WebSocket closed
WebSocket open @ 5/31/2023, 12:08:44 PM | Name = undefined | Creator = undefined
WebSocket open @ 5/31/2023, 12:08:44 PM | Name = undefined | Creator = undefined
WebSocket open @ 5/31/2023, 12:08:44 PM | Name = undefined | Creator = undefined
WebSocket closed
WebSocket closed
WebSocket closed
WebSocket open @ 5/31/2023, 12:09:45 PM | Name = undefined | Creator = undefined
WebSocket open @ 5/31/2023, 12:09:45 PM | Name = undefined | Creator = undefined
WebSocket open @ 5/31/2023, 12:09:45 PM | Name = undefined | Creator = undefined
WebSocket closed
WebSocket closed
WebSocket closed
WebSocket open @ 5/31/2023, 12:10:47 PM | Name = undefined | Creator = undefined
WebSocket open @ 5/31/2023, 12:10:47 PM | Name = undefined | Creator = undefined
WebSocket open @ 5/31/2023, 12:10:47 PM | Name = undefined | Creator = undefined
WebSocket closed
WebSocket closed
WebSocket closed
WebSocket open @ 5/31/2023, 12:11:48 PM | Name = undefined | Creator = undefined
WebSocket open @ 5/31/2023, 12:11:48 PM | Name = undefined | Creator = undefined
WebSocket open @ 5/31/2023, 12:11:48 PM | Name = undefined | Creator = undefined
WebSocket closed
WebSocket closed
WebSocket closed
WebSocket open @ 5/31/2023, 12:12:52 PM | Name = undefined | Creator = undefined
WebSocket open @ 5/31/2023, 12:12:52 PM | Name = undefined | Creator = undefined
WebSocket open @ 5/31/2023, 12:12:52 PM | Name = undefined | Creator = undefined
WebSocket closed
WebSocket closed
WebSocket closed
WebSocket open @ 5/31/2023, 12:13:53 PM | Name = undefined | Creator = undefined
WebSocket open @ 5/31/2023, 12:13:53 PM | Name = undefined | Creator = undefined
WebSocket open @ 5/31/2023, 12:13:53 PM | Name = undefined | Creator = undefined
WebSocket closed
WebSocket closed
WebSocket closed
WebSocket open @ 5/31/2023, 12:14:56 PM | Name = undefined | Creator = undefined
WebSocket open @ 5/31/2023, 12:14:56 PM | Name = undefined | Creator = undefined
WebSocket open @ 5/31/2023, 12:14:56 PM | Name = undefined | Creator = undefined
WebSocket closed
WebSocket closed
WebSocket closed
WebSocket open @ 5/31/2023, 12:15:58 PM | Name = undefined | Creator = undefined
WebSocket open @ 5/31/2023, 12:15:58 PM | Name = undefined | Creator = undefined
WebSocket open @ 5/31/2023, 12:15:58 PM | Name = undefined | Creator = undefined
WebSocket closed
WebSocket closed
WebSocket closed
WebSocket open @ 5/31/2023, 12:17:01 PM | Name = undefined | Creator = undefined
WebSocket open @ 5/31/2023, 12:17:01 PM | Name = undefined | Creator = undefined
WebSocket open @ 5/31/2023, 12:17:01 PM | Name = undefined | Creator = undefined
WebSocket closed
WebSocket closed
WebSocket closed
WebSocket open @ 5/31/2023, 12:18:03 PM | Name = undefined | Creator = undefined
WebSocket open @ 5/31/2023, 12:18:03 PM | Name = undefined | Creator = undefined
WebSocket open @ 5/31/2023, 12:18:03 PM | Name = undefined | Creator = undefined
WebSocket closed
WebSocket closed
WebSocket closed
WebSocket open @ 5/31/2023, 12:19:05 PM | Name = undefined | Creator = undefined
WebSocket open @ 5/31/2023, 12:19:05 PM | Name = undefined | Creator = undefined
WebSocket open @ 5/31/2023, 12:19:05 PM | Name = undefined | Creator = undefined
WebSocket closed
WebSocket closed
WebSocket closed
WebSocket open @ 5/31/2023, 12:20:06 PM | Name = undefined | Creator = undefined
WebSocket open @ 5/31/2023, 12:20:06 PM | Name = undefined | Creator = undefined
WebSocket open @ 5/31/2023, 12:20:06 PM | Name = undefined | Creator = undefined
WebSocket closed
WebSocket closed
WebSocket closed
WebSocket open @ 5/31/2023, 12:21:08 PM | Name = undefined | Creator = undefined
WebSocket open @ 5/31/2023, 12:21:08 PM | Name = undefined | Creator = undefined
WebSocket open @ 5/31/2023, 12:21:09 PM | Name = undefined | Creator = undefined
WebSocket closed
WebSocket closed
WebSocket closed
WebSocket open @ 5/31/2023, 12:22:10 PM | Name = undefined | Creator = undefined
WebSocket open @ 5/31/2023, 12:22:10 PM | Name = undefined | Creator = undefined
WebSocket open @ 5/31/2023, 12:22:10 PM | Name = undefined | Creator = undefined
WebSocket closed
WebSocket closed
WebSocket closed
WebSocket open @ 5/31/2023, 12:23:11 PM | Name = undefined | Creator = undefined
WebSocket open @ 5/31/2023, 12:23:11 PM | Name = undefined | Creator = undefined
WebSocket open @ 5/31/2023, 12:23:11 PM | Name = undefined | Creator = undefined
WebSocket closed
WebSocket closed
WebSocket closed
WebSocket open @ 5/31/2023, 12:24:13 PM | Name = undefined | Creator = undefined
WebSocket open @ 5/31/2023, 12:24:13 PM | Name = undefined | Creator = undefined
WebSocket open @ 5/31/2023, 12:24:13 PM | Name = undefined | Creator = undefined
WebSocket closed
WebSocket closed
WebSocket closed
WebSocket open @ 5/31/2023, 12:25:14 PM | Name = undefined | Creator = undefined
WebSocket open @ 5/31/2023, 12:25:14 PM | Name = undefined | Creator = undefined
WebSocket open @ 5/31/2023, 12:25:14 PM | Name = undefined | Creator = undefined
WebSocket closed
WebSocket closed
WebSocket closed
WebSocket open @ 5/31/2023, 12:26:15 PM | Name = undefined | Creator = undefined
WebSocket open @ 5/31/2023, 12:26:15 PM | Name = undefined | Creator = undefined
WebSocket open @ 5/31/2023, 12:26:15 PM | Name = undefined | Creator = undefined
WebSocket closed
WebSocket closed
WebSocket closed
WebSocket open @ 5/31/2023, 12:27:18 PM | Name = undefined | Creator = undefined
WebSocket open @ 5/31/2023, 12:27:18 PM | Name = undefined | Creator = undefined
WebSocket open @ 5/31/2023, 12:27:18 PM | Name = undefined | Creator = undefined
WebSocket closed
WebSocket closed
WebSocket closed
WebSocket open @ 5/31/2023, 12:28:19 PM | Name = undefined | Creator = undefined
WebSocket open @ 5/31/2023, 12:28:19 PM | Name = undefined | Creator = undefined
WebSocket open @ 5/31/2023, 12:28:19 PM | Name = undefined | Creator = undefined
WebSocket closed
WebSocket closed
WebSocket closed
WebSocket open @ 5/31/2023, 12:29:22 PM | Name = undefined | Creator = undefined
WebSocket open @ 5/31/2023, 12:29:22 PM | Name = undefined | Creator = undefined
WebSocket open @ 5/31/2023, 12:29:22 PM | Name = undefined | Creator = undefined
WebSocket closed
WebSocket closed
WebSocket closed
WebSocket open @ 5/31/2023, 12:30:25 PM | Name = undefined | Creator = undefined
WebSocket open @ 5/31/2023, 12:30:25 PM | Name = undefined | Creator = undefined
WebSocket open @ 5/31/2023, 12:30:25 PM | Name = undefined | Creator = undefined
WebSocket closed
WebSocket closed
WebSocket closed
WebSocket open @ 5/31/2023, 12:31:26 PM | Name = undefined | Creator = undefined
WebSocket open @ 5/31/2023, 12:31:26 PM | Name = undefined | Creator = undefined
WebSocket open @ 5/31/2023, 12:31:26 PM | Name = undefined | Creator = undefined
WebSocket closed
WebSocket closed
WebSocket closed
WebSocket open @ 5/31/2023, 12:32:32 PM | Name = undefined | Creator = undefined
WebSocket open @ 5/31/2023, 12:32:32 PM | Name = undefined | Creator = undefined
WebSocket open @ 5/31/2023, 12:32:32 PM | Name = undefined | Creator = undefined
WebSocket closed
WebSocket closed
WebSocket closed
WebSocket open @ 5/31/2023, 12:35:29 PM | Name = undefined | Creator = undefined
WebSocket open @ 5/31/2023, 12:35:29 PM | Name = undefined | Creator = undefined
WebSocket open @ 5/31/2023, 12:35:29 PM | Name = undefined | Creator = undefined
5/31/2023, 1:35:47 PM
5/31/2023, 1:35:47 PM
new ObjectId("6476b2830000000000000000")
new ObjectId("6476b2830000000000000000")
There are currently 1 documents in the Mad Lads collection
There are currently 2 documents in the Lily collection
{
  embeds: [
    {
      title: 'Lily | Sales in the last hour',
      color: 16711680,
      fields: [Array],
      footer: [Object]
    }
  ]
}
{
  embeds: [
    {
      title: 'Mad Lads | Sales in the last hour',
      color: 16711680,
      fields: [Array],
      footer: [Object]
    }
  ]
}
Posted to Discord successfully: 
Posted to Discord successfully: 
5/31/2023, 2:00:00 PM
5/31/2023, 2:00:00 PM
new ObjectId("6476b8300000000000000000")
new ObjectId("6476b8300000000000000000")
There are currently 1 documents in the Mad Lads collection
There are currently 4 documents in the Lily collection
{
  embeds: [
    {
      title: 'Lily | Sales in the last hour',
      color: 16711680,
      fields: [Array],
      footer: [Object]
    }
  ]
}
{
  embeds: [
    {
      title: 'Mad Lads | Sales in the last hour',
      color: 16711680,
      fields: [Array],
      footer: [Object]
    }
  ]
}
Posted to Discord successfully: 
Posted to Discord successfully: 
5/31/2023, 3:00:00 PM
5/31/2023, 3:00:00 PM
new ObjectId("6476c6400000000000000000")
new ObjectId("6476c6400000000000000000")
There are currently 1 documents in the Mad Lads collection
There are currently 4 documents in the Lily collection
{
  embeds: [
    {
      title: 'Mad Lads | Sales in the last hour',
      color: 16711680,
      fields: [Array],
      footer: [Object]
    }
  ]
}
{
  embeds: [
    {
      title: 'Lily | Sales in the last hour',
      color: 16711680,
      fields: [Array],
      footer: [Object]
    }
  ]
}
Posted to Discord successfully: 
Posted to Discord successfully: 
5/31/2023, 4:02:42 PM
new ObjectId("6476d4f20000000000000000")
5/31/2023, 4:02:42 PM
new ObjectId("6476d4f20000000000000000")
There are currently 5 documents in the Lily collection
There are currently 0 documents in the Mad Lads collection
{
  embeds: [
    {
      title: 'Mad Lads | Sales in the last hour',
      color: 16711680,
      fields: [Array],
      footer: [Object]
    }
  ]
}
{
  embeds: [
    {
      title: 'Lily | Sales in the last hour',
      color: 16711680,
      fields: [Array],
      footer: [Object]
    }
  ]
}
Posted to Discord successfully: 
Posted to Discord successfully: 
5/31/2023, 5:00:00 PM
5/31/2023, 5:00:00 PM
new ObjectId("6476e2600000000000000000")
new ObjectId("6476e2600000000000000000")
There are currently 5 documents in the Mad Lads collection
There are currently 1 documents in the Lily collection
{
  embeds: [
    {
      title: 'Mad Lads | Sales in the last hour',
      color: 16711680,
      fields: [Array],
      footer: [Object]
    }
  ]
}
{
  embeds: [
    {
      title: 'Lily | Sales in the last hour',
      color: 16711680,
      fields: [Array],
      footer: [Object]
    }
  ]
}
Posted to Discord successfully: 
Posted to Discord successfully: 
5/31/2023, 7:31:57 PM
5/31/2023, 7:31:57 PM
new ObjectId("647705fd0000000000000000")
new ObjectId("647705fd0000000000000000")
There are currently 0 documents in the Lily collection
There are currently 4 documents in the Mad Lads collection
{
  embeds: [
    {
      title: 'Lily | Sales in the last hour',
      color: 16711680,
      fields: [Array],
      footer: [Object]
    }
  ]
}
{
  embeds: [
    {
      title: 'Mad Lads | Sales in the last hour',
      color: 16711680,
      fields: [Array],
      footer: [Object]
    }
  ]
}
Posted to Discord successfully: 
Posted to Discord successfully: 
5/31/2023, 8:04:39 PM
5/31/2023, 8:04:39 PM
new ObjectId("64770da70000000000000000")
new ObjectId("64770da70000000000000000")
There are currently 2 documents in the Lily collection
There are currently 1 documents in the Mad Lads collection
{
  embeds: [
    {
      title: 'Lily | Sales in the last hour',
      color: 16711680,
      fields: [Array],
      footer: [Object]
    }
  ]
}
{
  embeds: [
    {
      title: 'Mad Lads | Sales in the last hour',
      color: 16711680,
      fields: [Array],
      footer: [Object]
    }
  ]
}
Posted to Discord successfully: 
Posted to Discord successfully: 
5/31/2023, 9:00:00 PM
5/31/2023, 9:00:00 PM
new ObjectId("64771aa00000000000000000")
new ObjectId("64771aa00000000000000000")
There are currently 4 documents in the Mad Lads collection
There are currently 1 documents in the Lily collection
{
  embeds: [
    {
      title: 'Mad Lads | Sales in the last hour',
      color: 16711680,
      fields: [Array],
      footer: [Object]
    }
  ]
}
{
  embeds: [
    {
      title: 'Lily | Sales in the last hour',
      color: 16711680,
      fields: [Array],
      footer: [Object]
    }
  ]
}
Posted to Discord successfully: 
Posted to Discord successfully: 
5/31/2023, 10:00:00 PM
5/31/2023, 10:00:00 PM
new ObjectId("647728b00000000000000000")
new ObjectId("647728b00000000000000000")
There are currently 2 documents in the Lily collection
There are currently 0 documents in the Mad Lads collection
{
  embeds: [
    {
      title: 'Lily | Sales in the last hour',
      color: 16711680,
      fields: [Array],
      footer: [Object]
    }
  ]
}
{
  embeds: [
    {
      title: 'Mad Lads | Sales in the last hour',
      color: 16711680,
      fields: [Array],
      footer: [Object]
    }
  ]
}
Posted to Discord successfully: 
Posted to Discord successfully: 
5/31/2023, 11:00:00 PM
5/31/2023, 11:00:00 PM
new ObjectId("647736c00000000000000000")
new ObjectId("647736c00000000000000000")
There are currently 32 documents in the Lily collection
There are currently 3 documents in the Mad Lads collection
{
  embeds: [
    {
      title: 'Mad Lads | Sales in the last hour',
      color: 16711680,
      fields: [Array],
      footer: [Object]
    }
  ]
}
{
  embeds: [
    {
      title: 'Lily | Sales in the last hour',
      color: 16711680,
      fields: [Array],
      footer: [Object]
    }
  ]
}
Posted to Discord successfully: 
Posted to Discord successfully: 
6/1/2023, 12:00:00 AM
6/1/2023, 12:00:00 AM
new ObjectId("647744d00000000000000000")
new ObjectId("647744d00000000000000000")
There are currently 1 documents in the Mad Lads collection
There are currently 2 documents in the Lily collection
{
  embeds: [
    {
      title: 'Mad Lads | Sales in the last hour',
      color: 16711680,
      fields: [Array],
      footer: [Object]
    }
  ]
}
{
  embeds: [
    {
      title: 'Lily | Sales in the last hour',
      color: 16711680,
      fields: [Array],
      footer: [Object]
    }
  ]
}
Posted to Discord successfully: 
Posted to Discord successfully: 
6/1/2023, 1:00:00 AM
6/1/2023, 1:00:00 AM
new ObjectId("647752e00000000000000000")
new ObjectId("647752e00000000000000000")
There are currently 3 documents in the Mad Lads collection
There are currently 2 documents in the Lily collection
{
  embeds: [
    {
      title: 'Mad Lads | Sales in the last hour',
      color: 16711680,
      fields: [Array],
      footer: [Object]
    }
  ]
}
{
  embeds: [
    {
      title: 'Lily | Sales in the last hour',
      color: 16711680,
      fields: [Array],
      footer: [Object]
    }
  ]
}
Posted to Discord successfully: 
Posted to Discord successfully: 
6/1/2023, 2:00:00 AM
6/1/2023, 2:00:00 AM
new ObjectId("647760f00000000000000000")
new ObjectId("647760f00000000000000000")
There are currently 2 documents in the Lily collection
There are currently 2 documents in the Mad Lads collection
{
  embeds: [
    {
      title: 'Mad Lads | Sales in the last hour',
      color: 16711680,
      fields: [Array],
      footer: [Object]
    }
  ]
}
{
  embeds: [
    {
      title: 'Lily | Sales in the last hour',
      color: 16711680,
      fields: [Array],
      footer: [Object]
    }
  ]
}
Posted to Discord successfully: 
Posted to Discord successfully: 
6/1/2023, 3:00:00 AM
6/1/2023, 3:00:00 AM
new ObjectId("64776f000000000000000000")
new ObjectId("64776f000000000000000000")
There are currently 8 documents in the Lily collection
There are currently 1 documents in the Mad Lads collection
{
  embeds: [
    {
      title: 'Mad Lads | Sales in the last hour',
      color: 16711680,
      fields: [Array],
      footer: [Object]
    }
  ]
}
{
  embeds: [
    {
      title: 'Lily | Sales in the last hour',
      color: 16711680,
      fields: [Array],
      footer: [Object]
    }
  ]
}
Posted to Discord successfully: 
Posted to Discord successfully: 
6/1/2023, 4:00:00 AM
6/1/2023, 4:00:00 AM
new ObjectId("64777d100000000000000000")
new ObjectId("64777d100000000000000000")
There are currently 7 documents in the Mad Lads collection
There are currently 6 documents in the Lily collection
{
  embeds: [
    {
      title: 'Lily | Sales in the last hour',
      color: 16711680,
      fields: [Array],
      footer: [Object]
    }
  ]
}
{
  embeds: [
    {
      title: 'Mad Lads | Sales in the last hour',
      color: 16711680,
      fields: [Array],
      footer: [Object]
    }
  ]
}
Posted to Discord successfully: 
Posted to Discord successfully: 
6/1/2023, 5:03:57 AM
6/1/2023, 5:03:57 AM
new ObjectId("64778c0d0000000000000000")
new ObjectId("64778c0d0000000000000000")
There are currently 2 documents in the Mad Lads collection
There are currently 6 documents in the Lily collection
{
  embeds: [
    {
      title: 'Lily | Sales in the last hour',
      color: 16711680,
      fields: [Array],
      footer: [Object]
    }
  ]
}
{
  embeds: [
    {
      title: 'Mad Lads | Sales in the last hour',
      color: 16711680,
      fields: [Array],
      footer: [Object]
    }
  ]
}
Posted to Discord successfully: 
Posted to Discord successfully: 
6/1/2023, 6:00:00 AM
new ObjectId("647799300000000000000000")
6/1/2023, 6:00:00 AM
new ObjectId("647799300000000000000000")
There are currently 2 documents in the Lily collection
There are currently 1 documents in the Mad Lads collection
{
  embeds: [
    {
      title: 'Lily | Sales in the last hour',
      color: 16711680,
      fields: [Array],
      footer: [Object]
    }
  ]
}
{
  embeds: [
    {
      title: 'Mad Lads | Sales in the last hour',
      color: 16711680,
      fields: [Array],
      footer: [Object]
    }
  ]
}
Posted to Discord successfully: 
Posted to Discord successfully: 
6/1/2023, 7:00:00 AM
6/1/2023, 7:00:00 AM
new ObjectId("6477a7400000000000000000")
new ObjectId("6477a7400000000000000000")
There are currently 2 documents in the Mad Lads collection
There are currently 4 documents in the Lily collection
{
  embeds: [
    {
      title: 'Mad Lads | Sales in the last hour',
      color: 16711680,
      fields: [Array],
      footer: [Object]
    }
  ]
}
{
  embeds: [
    {
      title: 'Lily | Sales in the last hour',
      color: 16711680,
      fields: [Array],
      footer: [Object]
    }
  ]
}
Posted to Discord successfully: 
Posted to Discord successfully: 
6/1/2023, 11:05:16 PM
new ObjectId("6478897c0000000000000000")
6/1/2023, 11:05:16 PM
new ObjectId("6478897c0000000000000000")
There are currently 1 documents in the Mad Lads collection
There are currently 2 documents in the Lily collection
{
  embeds: [
    {
      title: 'Lily | Sales in the last hour',
      color: 16711680,
      fields: [Array],
      footer: [Object]
    }
  ]
}
{
  embeds: [
    {
      title: 'Mad Lads | Sales in the last hour',
      color: 16711680,
      fields: [Array],
      footer: [Object]
    }
  ]
}
Posted to Discord successfully: 
Posted to Discord successfully: 
6/2/2023, 6:40:09 AM
6/2/2023, 6:40:09 AM
new ObjectId("6478f4190000000000000000")
new ObjectId("6478f4190000000000000000")
There are currently 2 documents in the Lily collection
There are currently 1 documents in the Mad Lads collection
{
  embeds: [
    {
      title: 'Lily | Sales in the last hour',
      color: 16711680,
      fields: [Array],
      footer: [Object]
    }
  ]
}
{
  embeds: [
    {
      title: 'Mad Lads | Sales in the last hour',
      color: 16711680,
      fields: [Array],
      footer: [Object]
    }
  ]
}
Posted to Discord successfully: 
Posted to Discord successfully: 
6/2/2023, 7:00:00 AM
6/2/2023, 7:00:00 AM
new ObjectId("6478f8c00000000000000000")
new ObjectId("6478f8c00000000000000000")
There are currently 3 documents in the Lily collection
There are currently 1 documents in the Mad Lads collection
{
  embeds: [
    {
      title: 'Lily | Sales in the last hour',
      color: 16711680,
      fields: [Array],
      footer: [Object]
    }
  ]
}
{
  embeds: [
    {
      title: 'Mad Lads | Sales in the last hour',
      color: 16711680,
      fields: [Array],
      footer: [Object]
    }
  ]
}
Posted to Discord successfully: 
Posted to Discord successfully: 
6/2/2023, 8:40:37 AM
6/2/2023, 8:40:37 AM
new ObjectId("647910560000000000000000")
new ObjectId("647910560000000000000000")
There are currently 0 documents in the Lily collection
There are currently 2 documents in the Mad Lads collection
{
  embeds: [
    {
      title: 'Lily | Sales in the last hour',
      color: 16711680,
      fields: [Array],
      footer: [Object]
    }
  ]
}
{
  embeds: [
    {
      title: 'Mad Lads | Sales in the last hour',
      color: 16711680,
      fields: [Array],
      footer: [Object]
    }
  ]
}
Posted to Discord successfully: 
Posted to Discord successfully: 
6/2/2023, 9:00:00 AM
6/2/2023, 9:00:00 AM
new ObjectId("647914e00000000000000000")
new ObjectId("647914e00000000000000000")
There are currently 2 documents in the Mad Lads collection
There are currently 2 documents in the Lily collection
{
  embeds: [
    {
      title: 'Mad Lads | Sales in the last hour',
      color: 16711680,
      fields: [Array],
      footer: [Object]
    }
  ]
}
{
  embeds: [
    {
      title: 'Lily | Sales in the last hour',
      color: 16711680,
      fields: [Array],
      footer: [Object]
    }
  ]
}
Posted to Discord successfully: 
Posted to Discord successfully: 
6/2/2023, 10:00:00 AM
6/2/2023, 10:00:00 AM
new ObjectId("647922f00000000000000000")
new ObjectId("647922f00000000000000000")
There are currently 1 documents in the Lily collection
There are currently 3 documents in the Mad Lads collection
{
  embeds: [
    {
      title: 'Mad Lads | Sales in the last hour',
      color: 16711680,
      fields: [Array],
      footer: [Object]
    }
  ]
}
{
  embeds: [
    {
      title: 'Lily | Sales in the last hour',
      color: 16711680,
      fields: [Array],
      footer: [Object]
    }
  ]
}
Posted to Discord successfully: 
Posted to Discord successfully: 
6/2/2023, 11:05:20 AM
6/2/2023, 11:05:20 AM
new ObjectId("647932400000000000000000")
new ObjectId("647932400000000000000000")
There are currently 3 documents in the Lily collection
There are currently 4 documents in the Mad Lads collection
{
  embeds: [
    {
      title: 'Lily | Sales in the last hour',
      color: 16711680,
      fields: [Array],
      footer: [Object]
    }
  ]
}
{
  embeds: [
    {
      title: 'Mad Lads | Sales in the last hour',
      color: 16711680,
      fields: [Array],
      footer: [Object]
    }
  ]
}
Posted to Discord successfully: 
Posted to Discord successfully: 
6/2/2023, 12:00:00 PM
new ObjectId("64793f100000000000000000")
6/2/2023, 12:00:00 PM
new ObjectId("64793f100000000000000000")
There are currently 2 documents in the Mad Lads collection
There are currently 2 documents in the Lily collection
{
  embeds: [
    {
      title: 'Lily | Sales in the last hour',
      color: 16711680,
      fields: [Array],
      footer: [Object]
    }
  ]
}
{
  embeds: [
    {
      title: 'Mad Lads | Sales in the last hour',
      color: 16711680,
      fields: [Array],
      footer: [Object]
    }
  ]
}
Posted to Discord successfully: 
Posted to Discord successfully: 
6/2/2023, 1:00:00 PM
new ObjectId("64794d200000000000000000")
6/2/2023, 1:00:00 PM
new ObjectId("64794d200000000000000000")
There are currently 6 documents in the Mad Lads collection
There are currently 2 documents in the Lily collection
{
  embeds: [
    {
      title: 'Lily | Sales in the last hour',
      color: 16711680,
      fields: [Array],
      footer: [Object]
    }
  ]
}
{
  embeds: [
    {
      title: 'Mad Lads | Sales in the last hour',
      color: 16711680,
      fields: [Array],
      footer: [Object]
    }
  ]
}
Posted to Discord successfully: 
Posted to Discord successfully: 
6/2/2023, 2:00:00 PM
6/2/2023, 2:00:00 PM
new ObjectId("64795b300000000000000000")
new ObjectId("64795b300000000000000000")
There are currently 0 documents in the Lily collection
There are currently 9 documents in the Mad Lads collection
{
  embeds: [
    {
      title: 'Lily | Sales in the last hour',
      color: 16711680,
      fields: [Array],
      footer: [Object]
    }
  ]
}
{
  embeds: [
    {
      title: 'Mad Lads | Sales in the last hour',
      color: 16711680,
      fields: [Array],
      footer: [Object]
    }
  ]
}
Posted to Discord successfully: 
Posted to Discord successfully: 
6/2/2023, 5:46:49 PM
6/2/2023, 5:46:49 PM
new ObjectId("647990590000000000000000")
new ObjectId("647990590000000000000000")
There are currently 35 documents in the Mad Lads collection
There are currently 4 documents in the Lily collection
{
  embeds: [
    {
      title: 'Lily | Sales in the last hour',
      color: 16711680,
      fields: [Array],
      footer: [Object]
    }
  ]
}
{
  embeds: [
    {
      title: 'Mad Lads | Sales in the last hour',
      color: 16711680,
      fields: [Array],
      footer: [Object]
    }
  ]
}
Posted to Discord successfully: 
Posted to Discord successfully: 
6/2/2023, 6:00:00 PM
new ObjectId("647993700000000000000000")
6/2/2023, 6:00:00 PM
new ObjectId("647993700000000000000000")
There are currently 36 documents in the Mad Lads collection
{
  embeds: [
    {
      title: 'Mad Lads | Sales in the last hour',
      color: 16711680,
      fields: [Array],
      footer: [Object]
    }
  ]
}
There are currently 4 documents in the Lily collection
{
  embeds: [
    {
      title: 'Lily | Sales in the last hour',
      color: 16711680,
      fields: [Array],
      footer: [Object]
    }
  ]
}
Posted to Discord successfully: 
Posted to Discord successfully: 
6/2/2023, 7:00:00 PM
new ObjectId("6479a1800000000000000000")
6/2/2023, 7:00:00 PM
new ObjectId("6479a1800000000000000000")
There are currently 3 documents in the Mad Lads collection
There are currently 1 documents in the Lily collection
{
  embeds: [
    {
      title: 'Lily | Sales in the last hour',
      color: 16711680,
      fields: [Array],
      footer: [Object]
    }
  ]
}
{
  embeds: [
    {
      title: 'Mad Lads | Sales in the last hour',
      color: 16711680,
      fields: [Array],
      footer: [Object]
    }
  ]
}
Posted to Discord successfully: 
Posted to Discord successfully: 
6/2/2023, 8:00:00 PM
new ObjectId("6479af900000000000000000")
6/2/2023, 8:00:00 PM
new ObjectId("6479af900000000000000000")
There are currently 2 documents in the Lily collection
There are currently 1 documents in the Mad Lads collection
{
  embeds: [
    {
      title: 'Lily | Sales in the last hour',
      color: 16711680,
      fields: [Array],
      footer: [Object]
    }
  ]
}
{
  embeds: [
    {
      title: 'Mad Lads | Sales in the last hour',
      color: 16711680,
      fields: [Array],
      footer: [Object]
    }
  ]
}
Posted to Discord successfully: 
Posted to Discord successfully: 
6/2/2023, 9:15:29 PM
6/2/2023, 9:15:29 PM
new ObjectId("6479c1410000000000000000")
new ObjectId("6479c1410000000000000000")
There are currently 3 documents in the Mad Lads collection
There are currently 2 documents in the Lily collection
{
  embeds: [
    {
      title: 'Mad Lads | Sales in the last hour',
      color: 16711680,
      fields: [Array],
      footer: [Object]
    }
  ]
}
{
  embeds: [
    {
      title: 'Lily | Sales in the last hour',
      color: 16711680,
      fields: [Array],
      footer: [Object]
    }
  ]
}
Posted to Discord successfully: 
Posted to Discord successfully: 
